<?xml version="1.0" encoding="UTF-8" ?>
<testsuites>
  <testsuite id="0" name="Math utils" errors="0" tests="6" failures="0" skipped="0" time="0.044852" timestamp="2017-05-07T10:17:32">
    <testcase name="radian" classname="test.Math" time="0.003379"/>
    <testcase name="degree" classname="test.Math" time="0.00142"/>
    <testcase name="dToI" classname="test.Math" time="0.00255"/>
    <testcase name="dmToDeg" classname="test.Math" time="0.00562"/>
    <testcase name="calcIcaoHeight" classname="test.Math" time="0.030259"/>
    <testcase name="checksum" classname="test.Math" time="0.001624"/>
  </testsuite>
  <testsuite id="1" name="SBSParser - unpack" errors="0" tests="4" failures="0" skipped="0" time="0.284153" timestamp="2017-05-07T10:17:32">
    <testcase name="valid msg" classname="test.9SBSParser" time="0.063498"/>
    <testcase name="invalid msg" classname="test.9SBSParser" time="0.177782"/>
    <testcase name="filter height" classname="test.9SBSParser" time="0.00352"/>
    <testcase name="broken msg" classname="test.9SBSParser" time="0.039353"/>
  </testsuite>
  <testsuite id="2" name="APRSParser - unpack" errors="0" tests="3" failures="0" skipped="0" time="0.371519" timestamp="2017-05-07T10:17:32">
    <testcase name="valid msg" classname="test.10APRSParser" time="0.287293"/>
    <testcase name="ignores" classname="test.10APRSParser" time="0.070281"/>
    <testcase name="filter height" classname="test.10APRSParser" time="0.013945"/>
  </testsuite>
  <testsuite id="3" name="SensorParser - unpack" errors="0" tests="4" failures="0" skipped="0" time="0.112505" timestamp="2017-05-07T10:17:32">
    <testcase name="valid msg" classname="test.12SensorParser" time="0.023874"/>
    <testcase name="invalid msg" classname="test.12SensorParser" time="0.024704"/>
    <testcase name="broken msg" classname="test.12SensorParser" time="0.053717"/>
    <testcase name="extract WIMWV" classname="test.10SensorData" time="0.01021"/>
  </testsuite>
  <testsuite id="4" name="Process Aircrafts" errors="0" tests="3" failures="0" skipped="0" time="0.21919" timestamp="2017-05-07T10:17:32">
    <testcase name="setup" classname="test.17AircraftProcessor" time="0.139244"/>
    <testcase name="Aircraft at,above base pos" classname="test.17AircraftProcessor" time="0.061572"/>
    <testcase name="filter distance" classname="test.17AircraftProcessor" time="0.018374"/>
  </testsuite>
  <testsuite id="5" name="process relative positions" errors="0" tests="18" failures="0" skipped="0" time="0.69032" timestamp="2017-05-07T10:17:32">
    <testcase name="setup" classname="test.17AircraftProcessor" time="0.029259"/>
    <testcase name="Cross Equator S to N" classname="test.17AircraftProcessor" time="0.037883"/>
    <testcase name="Cross Equator N to S" classname="test.17AircraftProcessor" time="0.048173"/>
    <testcase name="Cross Northpole" classname="test.17AircraftProcessor" time="0.036784"/>
    <testcase name="Cross Southpole" classname="test.17AircraftProcessor" time="0.038308"/>
    <testcase name="Cross 0-Meridian on Equator E to W" classname="test.17AircraftProcessor" time="0.036463"/>
    <testcase name="Cross 0-Meridian on Equator W to E" classname="test.17AircraftProcessor" time="0.035264"/>
    <testcase name="Cross 0-Meridian on LAT(60) E to W" classname="test.17AircraftProcessor" time="0.035283"/>
    <testcase name="Cross 0-Meridian on LAT(-60) W to E" classname="test.17AircraftProcessor" time="0.066567"/>
    <testcase name="Cross 180-Meridian on Equator E to W" classname="test.17AircraftProcessor" time="0.044328"/>
    <testcase name="Cross 180-Meridian on Equator W to E" classname="test.17AircraftProcessor" time="0.035909"/>
    <testcase name="North America" classname="test.17AircraftProcessor" time="0.035053"/>
    <testcase name="South America" classname="test.17AircraftProcessor" time="0.034649"/>
    <testcase name="North Africa" classname="test.17AircraftProcessor" time="0.034588"/>
    <testcase name="South Africa" classname="test.17AircraftProcessor" time="0.036184"/>
    <testcase name="Australia" classname="test.17AircraftProcessor" time="0.034653"/>
    <testcase name="Central Europe" classname="test.17AircraftProcessor" time="0.033994"/>
    <testcase name="Asia" classname="test.17AircraftProcessor" time="0.036978"/>
  </testsuite>
  <testsuite id="6" name="Container Functions" errors="0" tests="3" failures="0" skipped="0" time="0.225925" timestamp="2017-05-07T10:17:32">
    <testcase name="invalidate aircraft" classname="test.17AircraftContainer" time="0.029839"/>
    <testcase name="delete aircraft" classname="test.17AircraftContainer" time="0.024134"/>
    <testcase name="prefer FLARM, accept again if no input" classname="test.17AircraftContainer" time="0.171952"/>
  </testsuite>
  <testsuite id="7" name="GPSModule - gpsfix" errors="0" tests="1" failures="0" skipped="0" time="0.217216" timestamp="2017-05-07T10:17:32">
    <testcase name="gps nmea" classname="test.9GPSmodule" time="0.217216"/>
  </testsuite>
  <testsuite id="8" name="read config" errors="0" tests="1" failures="0" skipped="0" time="0.318237" timestamp="2017-05-07T10:17:32">
    <testcase name="read" classname="test.12ConfigReader" time="0.318237"/>
  </testsuite>
</testsuites>

