<?xml version="1.0" encoding="UTF-8" ?>
<testsuites>
  <testsuite id="0" name="Math utils" errors="0" tests="6" failures="0" skipped="0" time="0.015602" timestamp="2017-03-24T14:15:41">
    <testcase name="radian" classname="test.Math" time="0.003364"/>
    <testcase name="degree" classname="test.Math" time="0.000366"/>
    <testcase name="dToI" classname="test.Math" time="0.000743"/>
    <testcase name="dmsToDeg" classname="test.Math" time="0.001236"/>
    <testcase name="calcIcaoHeight" classname="test.Math" time="0.009501"/>
    <testcase name="checksum" classname="test.Math" time="0.000392"/>
  </testsuite>
  <testsuite id="1" name="SBSParser - unpack" errors="0" tests="4" failures="0" skipped="0" time="0.076712" timestamp="2017-03-24T14:15:41">
    <testcase name="valid msg" classname="test.9SBSParser" time="0.020919"/>
    <testcase name="invalid msg" classname="test.9SBSParser" time="0.045642"/>
    <testcase name="filter height" classname="test.9SBSParser" time="0.000756"/>
    <testcase name="broken msg" classname="test.9SBSParser" time="0.009395"/>
  </testsuite>
  <testsuite id="2" name="APRSParser - unpack" errors="0" tests="3" failures="0" skipped="0" time="0.082766" timestamp="2017-03-24T14:15:41">
    <testcase name="valid msg" classname="test.10APRSParser" time="0.065606"/>
    <testcase name="ignores" classname="test.10APRSParser" time="0.014254"/>
    <testcase name="filter height" classname="test.10APRSParser" time="0.002906"/>
  </testsuite>
  <testsuite id="3" name="WindParser - unpack" errors="0" tests="4" failures="0" skipped="0" time="0.025401" timestamp="2017-03-24T14:15:41">
    <testcase name="valid msg" classname="test.10WindParser" time="0.004929"/>
    <testcase name="invalid msg" classname="test.10WindParser" time="0.000655"/>
    <testcase name="broken msg" classname="test.10WindParser" time="0.015758"/>
    <testcase name="extract WIMWV" classname="test.11ClimateData" time="0.004059"/>
  </testsuite>
  <testsuite id="4" name="Process Aircrafts" errors="0" tests="3" failures="0" skipped="0" time="0.049412" timestamp="2017-03-24T14:15:41">
    <testcase name="setup" classname="test.17AircraftProcessor" time="0.029905"/>
    <testcase name="Aircraft at,above base pos" classname="test.17AircraftProcessor" time="0.015542"/>
    <testcase name="filter distance" classname="test.17AircraftProcessor" time="0.003965"/>
  </testsuite>
  <testsuite id="5" name="process relative positions" errors="0" tests="18" failures="0" skipped="0" time="0.142532" timestamp="2017-03-24T14:15:41">
    <testcase name="setup" classname="test.17AircraftProcessor" time="0.005772"/>
    <testcase name="Cross Equator S to N" classname="test.17AircraftProcessor" time="0.007677"/>
    <testcase name="Cross Equator N to S" classname="test.17AircraftProcessor" time="0.010798"/>
    <testcase name="Cross Northpole" classname="test.17AircraftProcessor" time="0.007628"/>
    <testcase name="Cross Southpole" classname="test.17AircraftProcessor" time="0.008133"/>
    <testcase name="Cross 0-Meridian on Equator E to W" classname="test.17AircraftProcessor" time="0.009305"/>
    <testcase name="Cross 0-Meridian on Equator W to E" classname="test.17AircraftProcessor" time="0.007178"/>
    <testcase name="Cross 0-Meridian on LAT(60) E to W" classname="test.17AircraftProcessor" time="0.00733"/>
    <testcase name="Cross 0-Meridian on LAT(-60) W to E" classname="test.17AircraftProcessor" time="0.007237"/>
    <testcase name="Cross 180-Meridian on Equator E to W" classname="test.17AircraftProcessor" time="0.008836"/>
    <testcase name="Cross 180-Meridian on Equator W to E" classname="test.17AircraftProcessor" time="0.007455"/>
    <testcase name="North America" classname="test.17AircraftProcessor" time="0.007683"/>
    <testcase name="South America" classname="test.17AircraftProcessor" time="0.007503"/>
    <testcase name="North Africa" classname="test.17AircraftProcessor" time="0.007573"/>
    <testcase name="South Africa" classname="test.17AircraftProcessor" time="0.009304"/>
    <testcase name="Australia" classname="test.17AircraftProcessor" time="0.007401"/>
    <testcase name="Central Europe" classname="test.17AircraftProcessor" time="0.007768"/>
    <testcase name="Asia" classname="test.17AircraftProcessor" time="0.007951"/>
  </testsuite>
  <testsuite id="6" name="Container Functions" errors="0" tests="3" failures="0" skipped="0" time="0.050466" timestamp="2017-03-24T14:15:41">
    <testcase name="invalidate aircraft" classname="test.17AircraftContainer" time="0.005709"/>
    <testcase name="delete aircraft" classname="test.17AircraftContainer" time="0.014927"/>
    <testcase name="prefer FLARM, accept again if no input" classname="test.17AircraftContainer" time="0.02983"/>
  </testsuite>
  <testsuite id="7" name="GPSModule - gpsfix" errors="0" tests="1" failures="0" skipped="0" time="0.038726" timestamp="2017-03-24T14:15:41">
    <testcase name="gps nmea" classname="test.9GPSmodule" time="0.038726"/>
  </testsuite>
  <testsuite id="8" name="read config" errors="0" tests="1" failures="0" skipped="0" time="0.076657" timestamp="2017-03-24T14:15:41">
    <testcase name="read" classname="test.12ConfigReader" time="0.076657"/>
  </testsuite>
</testsuites>
